*09:06 ReplaceVSCodeText su Navigation.tsx [Navigation.tsx.20250605.090639]: Modifica del pulsante Trial 48h nella navigation per puntare alla nuova pagina di login OAuth invece della sezione demo. Questo collega direttamente la homepage al nuovo sistema di autenticazione OAuth, permettendo agli utenti di accedere facilmente al trial tramite Google, Microsoft o Apple login. Aggiunto anche un secondo pulsante per la demo se necessario. [Dettagli: Sostituzione '          {/* CTA Button */}
          <motion.button
            initial={{ opacity: 0, scale: 0.8 }}
            animate={{ opacity: 1, scale: 1 }}
            transition={{ delay: 0.5 }}
            whileHover={{ scale: 1.05 }}
            whileTap={{ scale: 0.95 }}
            className="hidden md:flex items-center space-x-2 bg-gradient-to-r from-primary-600 to-accent-600 text-white px-6 py-3 rounded-full font-semibold hover:shadow-lg hover:shadow-primary-500/25 transition-all duration-300"
            onClick={() => scrollToSection('#demo')}
          >
            <Download className="w-4 h-4" />
            <span>Trial 48h</span>
          </motion.button>' → '          {/* CTA Buttons */}
          <div className="hidden md:flex items-center space-x-3">
            <motion.a
              href="/login"
              initial={{ opacity: 0, scale: 0.8 }}
              animate={{ opacity: 1, scale: 1 }}
              transition={{ delay: 0.4 }}
              whileHover={{ scale: 1.05 }}
              whileTap={{ scale: 0.95 }}
              className="flex items-center space-x-2 bg-gradient-to-r from-primary-600 to-accent-600 text-white px-6 py-3 rounded-full font-semibold hover:shadow-lg hover:shadow-primary-500/25 transition-all duration-300"
            >
              <Download className="w-4 h-4" />
              <span>Trial 48h</span>
            </motion.a>
            
            <motion.button
              initial={{ opacity: 0, scale: 0.8 }}
              animate={{ opacity: 1, scale: 1 }}
              transition={{ delay: 0.5 }}
              whileHover={{ scale: 1.05 }}
              whileTap={{ scale: 0.95 }}
              onClick={() => scrollToSection('#demo')}
              className="flex items-center space-x-2 border border-white/20 text-white px-6 py-3 rounded-full font-semibold hover:bg-white/10 transition-all duration-300"
            >
              <Zap className="w-4 h-4" />
              <span>Demo</span>
            </motion.button>
          </div>' (case-sensitive)]

